This is pdfTeX, Version 3.14159265-2.6-1.40.16 (TeX Live 2015) (preloaded format=pdflatex 2015.5.24)  8 MAR 2017 11:21
entering extended mode
 restricted \write18 enabled.
 %&-line parsing enabled.
**/Users/jacobperricone/Desktop/STANFORD/w16/git_cme307/HW4/TEX/main.tex
(/Users/jacobperricone/Desktop/STANFORD/w16/git_cme307/HW4/TEX/main.tex
LaTeX2e <2015/01/01>
Babel <3.9l> and hyphenation patterns for 79 languages loaded.
(/usr/local/texlive/2015/texmf-dist/tex/latex/exam/exam.cls
Document Class: exam 2015/05/07 Version 2.5 by Philip Hirschhorn
(/usr/local/texlive/2015/texmf-dist/tex/latex/base/ifthen.sty
Package: ifthen 2014/09/29 v1.1c Standard LaTeX ifthen package (DPC)
) (/usr/local/texlive/2015/texmf-dist/tex/latex/base/article.cls
Document Class: article 2014/09/29 v1.4h Standard LaTeX document class
(/usr/local/texlive/2015/texmf-dist/tex/latex/base/size10.clo
File: size10.clo 2014/09/29 v1.4h Standard LaTeX file (size option)
)
\c@part=\count79
\c@section=\count80
\c@subsection=\count81
\c@subsubsection=\count82
\c@paragraph=\count83
\c@subparagraph=\count84
\c@figure=\count85
\c@table=\count86
\abovecaptionskip=\skip41
\belowcaptionskip=\skip42
\bibindent=\dimen102
)
\@extrawidth=\skip43
\@rightmargin=\skip44
\@extrahead=\skip45
\@extrafoot=\skip46
\run@exhd=\skip47
\fp@exhd=\skip48
\run@exft=\skip49
\fp@exft=\skip50
\covrun@exhd=\skip51
\covfp@exhd=\skip52
\covrun@exft=\skip53
\covfp@exft=\skip54
\c@num@coverpages=\count87
\c@latest@ques=\count88
\c@ques@end=\count89
\c@last@object=\count90
\c@incmp@ques=\count91
\c@next@ques=\count92
\c@next@page=\count93
\c@tmp@hlfcntr=\count94
\c@ifpos@cntr=\count95
\c@question=\count96
\c@partno=\count97
\c@subpart=\count98
\c@subsubpart=\count99
\c@choice=\count100
\c@numpoints=\count101
\c@numbonuspoints=\count102
\c@pointsof@thisquestion=\count103
\c@bonuspointsof@thisquestion=\count104
\c@numquestions=\count105
\c@numparts=\count106
\c@numsubparts=\count107
\c@numsubsubparts=\count108
\c@Curr@Page=\count109
\c@@pagepoints=\count110
\c@@pagebonuspoints=\count111
\c@pageof@pagepoints=\count112
\c@pageof@pagebonuspoints=\count113
\c@latest@points=\count114
\c@latest@bonuspoints=\count115
\pageinfo@commands=\toks14
\temp@toks=\toks15
\pagepoint@commands=\toks16
\point@toks=\toks17
\c@ques@object=\count116
\marginpointssep=\skip55
\rightpointsmargin=\skip56
\choice@toks=\toks18
\answerlinelength=\skip57
\answerskip=\skip58
\answerclearance=\skip59
\fillinlinelength=\skip60
\linefillheight=\skip61
\linefillthickness=\skip62
\dottedlinefillheight=\skip63
\gridsize=\skip64
\gridlinewidth=\skip65
\minboxheight=\skip66
\c@@iterator=\count117
\@cellwidth=\skip67
\c@tbl@points=\count118
\c@tbl@bonuspoints=\count119
\c@num@cols=\count120
\exam@box=\box26
\saved@totalleftmargin=\dimen103
\@sollistdepth=\count121
\FrameRule=\dimen104
\FrameSep=\dimen105
) (./cos424.sty (/usr/local/texlive/2015/texmf-dist/tex/latex/eso-pic/eso-pic.s
ty
Package: eso-pic 2015/04/20 v2.0e eso-pic (RN)
(/usr/local/texlive/2015/texmf-dist/tex/generic/oberdiek/atbegshi.sty
Package: atbegshi 2011/10/05 v1.16 At begin shipout hook (HO)
(/usr/local/texlive/2015/texmf-dist/tex/generic/oberdiek/infwarerr.sty
Package: infwarerr 2010/04/08 v1.3 Providing info/warning/error messages (HO)
) (/usr/local/texlive/2015/texmf-dist/tex/generic/oberdiek/ltxcmds.sty
Package: ltxcmds 2011/11/09 v1.22 LaTeX kernel commands for general use (HO)
) (/usr/local/texlive/2015/texmf-dist/tex/generic/oberdiek/ifpdf.sty
Package: ifpdf 2011/01/30 v2.3 Provides the ifpdf switch (HO)
Package ifpdf Info: pdfTeX in PDF mode is detected.
)) (/usr/local/texlive/2015/texmf-dist/tex/latex/graphics/keyval.sty
Package: keyval 2014/10/28 v1.15 key=value parser (DPC)
\KV@toks@=\toks19
) (/usr/local/texlive/2015/texmf-dist/tex/latex/xcolor/xcolor.sty
Package: xcolor 2007/01/21 v2.11 LaTeX color extensions (UK)
(/usr/local/texlive/2015/texmf-dist/tex/latex/latexconfig/color.cfg
File: color.cfg 2007/01/18 v1.5 color configuration of teTeX/TeXLive
)
Package xcolor Info: Driver file: pdftex.def on input line 225.
(/usr/local/texlive/2015/texmf-dist/tex/latex/pdftex-def/pdftex.def
File: pdftex.def 2011/05/27 v0.06d Graphics/color for pdfTeX
\Gread@gobject=\count122
)
Package xcolor Info: Model `cmy' substituted by `cmy0' on input line 1337.
Package xcolor Info: Model `hsb' substituted by `rgb' on input line 1341.
Package xcolor Info: Model `RGB' extended on input line 1353.
Package xcolor Info: Model `HTML' substituted by `rgb' on input line 1355.
Package xcolor Info: Model `Hsb' substituted by `hsb' on input line 1356.
Package xcolor Info: Model `tHsb' substituted by `hsb' on input line 1357.
Package xcolor Info: Model `HSB' substituted by `hsb' on input line 1358.
Package xcolor Info: Model `Gray' substituted by `gray' on input line 1359.
Package xcolor Info: Model `wave' substituted by `hsb' on input line 1360.
))
\nipsrulerbox=\box27
\nipsrulercount=\count123
\nipsruleroffset=\dimen106
\cv@lineheight=\dimen107
\cv@boxheight=\dimen108
\cv@tmpbox=\box28
\cv@refno=\count124
\cv@tot=\count125
\cv@tmpc@=\count126
\cv@tmpc=\count127
) (/usr/local/texlive/2015/texmf-dist/tex/latex/psnfss/times.sty
Package: times 2005/04/12 PSNFSS-v9.2a (SPQR) 
) (/usr/local/texlive/2015/texmf-dist/tex/latex/hyperref/hyperref.sty
Package: hyperref 2012/11/06 v6.83m Hypertext links for LaTeX
(/usr/local/texlive/2015/texmf-dist/tex/generic/oberdiek/hobsub-hyperref.sty
Package: hobsub-hyperref 2012/05/28 v1.13 Bundle oberdiek, subset hyperref (HO)

(/usr/local/texlive/2015/texmf-dist/tex/generic/oberdiek/hobsub-generic.sty
Package: hobsub-generic 2012/05/28 v1.13 Bundle oberdiek, subset generic (HO)
Package: hobsub 2012/05/28 v1.13 Construct package bundles (HO)
Package hobsub Info: Skipping package `infwarerr' (already loaded).
Package hobsub Info: Skipping package `ltxcmds' (already loaded).
Package: ifluatex 2010/03/01 v1.3 Provides the ifluatex switch (HO)
Package ifluatex Info: LuaTeX not detected.
Package: ifvtex 2010/03/01 v1.5 Detect VTeX and its facilities (HO)
Package ifvtex Info: VTeX not detected.
Package: intcalc 2007/09/27 v1.1 Expandable calculations with integers (HO)
Package hobsub Info: Skipping package `ifpdf' (already loaded).
Package: etexcmds 2011/02/16 v1.5 Avoid name clashes with e-TeX commands (HO)
Package etexcmds Info: Could not find \expanded.
(etexcmds)             That can mean that you are not using pdfTeX 1.50 or
(etexcmds)             that some package has redefined \expanded.
(etexcmds)             In the latter case, load this package earlier.
Package: kvsetkeys 2012/04/25 v1.16 Key value parser (HO)
Package: kvdefinekeys 2011/04/07 v1.3 Define keys (HO)
Package: pdftexcmds 2011/11/29 v0.20 Utility functions of pdfTeX for LuaTeX (HO
)
Package pdftexcmds Info: LuaTeX not detected.
Package pdftexcmds Info: \pdf@primitive is available.
Package pdftexcmds Info: \pdf@ifprimitive is available.
Package pdftexcmds Info: \pdfdraftmode found.
Package: pdfescape 2011/11/25 v1.13 Implements pdfTeX's escape features (HO)
Package: bigintcalc 2012/04/08 v1.3 Expandable calculations on big integers (HO
)
Package: bitset 2011/01/30 v1.1 Handle bit-vector datatype (HO)
Package: uniquecounter 2011/01/30 v1.2 Provide unlimited unique counter (HO)
)
Package hobsub Info: Skipping package `hobsub' (already loaded).
Package: letltxmacro 2010/09/02 v1.4 Let assignment for LaTeX macros (HO)
Package: hopatch 2012/05/28 v1.2 Wrapper for package hooks (HO)
Package: xcolor-patch 2011/01/30 xcolor patch
Package: atveryend 2011/06/30 v1.8 Hooks at the very end of document (HO)
Package atveryend Info: \enddocument detected (standard20110627).
Package hobsub Info: Skipping package `atbegshi' (already loaded).
Package: refcount 2011/10/16 v3.4 Data extraction from label references (HO)
Package: hycolor 2011/01/30 v1.7 Color options for hyperref/bookmark (HO)
) (/usr/local/texlive/2015/texmf-dist/tex/generic/ifxetex/ifxetex.sty
Package: ifxetex 2010/09/12 v0.6 Provides ifxetex conditional
) (/usr/local/texlive/2015/texmf-dist/tex/latex/oberdiek/auxhook.sty
Package: auxhook 2011/03/04 v1.3 Hooks for auxiliary files (HO)
) (/usr/local/texlive/2015/texmf-dist/tex/latex/oberdiek/kvoptions.sty
Package: kvoptions 2011/06/30 v3.11 Key value format for package options (HO)
)
\@linkdim=\dimen109
\Hy@linkcounter=\count128
\Hy@pagecounter=\count129
(/usr/local/texlive/2015/texmf-dist/tex/latex/hyperref/pd1enc.def
File: pd1enc.def 2012/11/06 v6.83m Hyperref: PDFDocEncoding definition (HO)
)
\Hy@SavedSpaceFactor=\count130
(/usr/local/texlive/2015/texmf-dist/tex/latex/latexconfig/hyperref.cfg
File: hyperref.cfg 2002/06/06 v1.2 hyperref configuration of TeXLive
)
Package hyperref Info: Hyper figures OFF on input line 4443.
Package hyperref Info: Link nesting OFF on input line 4448.
Package hyperref Info: Hyper index ON on input line 4451.
Package hyperref Info: Plain pages OFF on input line 4458.
Package hyperref Info: Backreferencing OFF on input line 4463.
Package hyperref Info: Implicit mode ON; LaTeX internals redefined.
Package hyperref Info: Bookmarks ON on input line 4688.
\c@Hy@tempcnt=\count131
(/usr/local/texlive/2015/texmf-dist/tex/latex/url/url.sty
\Urlmuskip=\muskip10
Package: url 2013/09/16  ver 3.4  Verb mode for urls, etc.
)
LaTeX Info: Redefining \url on input line 5041.
\XeTeXLinkMargin=\dimen110
\Fld@menulength=\count132
\Field@Width=\dimen111
\Fld@charsize=\dimen112
Package hyperref Info: Hyper figures OFF on input line 6295.
Package hyperref Info: Link nesting OFF on input line 6300.
Package hyperref Info: Hyper index ON on input line 6303.
Package hyperref Info: backreferencing OFF on input line 6310.
Package hyperref Info: Link coloring OFF on input line 6315.
Package hyperref Info: Link coloring with OCG OFF on input line 6320.
Package hyperref Info: PDF/A mode OFF on input line 6325.
LaTeX Info: Redefining \ref on input line 6365.
LaTeX Info: Redefining \pageref on input line 6369.
\Hy@abspage=\count133
\c@Item=\count134
\c@Hfootnote=\count135
)

Package hyperref Message: Driver (autodetected): hpdftex.

(/usr/local/texlive/2015/texmf-dist/tex/latex/hyperref/hpdftex.def
File: hpdftex.def 2012/11/06 v6.83m Hyperref driver for pdfTeX
\Fld@listcount=\count136
\c@bookmark@seq@number=\count137
(/usr/local/texlive/2015/texmf-dist/tex/latex/oberdiek/rerunfilecheck.sty
Package: rerunfilecheck 2011/04/15 v1.7 Rerun checks for auxiliary files (HO)
Package uniquecounter Info: New unique counter `rerunfilecheck' on input line 2
82.
)
\Hy@SectionHShift=\skip68
) (/usr/local/texlive/2015/texmf-dist/tex/latex/graphics/graphicx.sty
Package: graphicx 2014/10/28 v1.0g Enhanced LaTeX Graphics (DPC,SPQR)
(/usr/local/texlive/2015/texmf-dist/tex/latex/graphics/graphics.sty
Package: graphics 2014/10/28 v1.0p Standard LaTeX Graphics (DPC,SPQR)
(/usr/local/texlive/2015/texmf-dist/tex/latex/graphics/trig.sty
Package: trig 1999/03/16 v1.09 sin cos tan (DPC)
) (/usr/local/texlive/2015/texmf-dist/tex/latex/latexconfig/graphics.cfg
File: graphics.cfg 2010/04/23 v1.9 graphics configuration of TeX Live
)
Package graphics Info: Driver file: pdftex.def on input line 94.
)
\Gin@req@height=\dimen113
\Gin@req@width=\dimen114
) (/usr/local/texlive/2015/texmf-dist/tex/latex/enumitem/enumitem.sty
Package: enumitem 2011/09/28 v3.5.2 Customized lists
\labelindent=\skip69
\enit@outerparindent=\dimen115
\enit@toks=\toks20
\enit@inbox=\box29
\enitdp@description=\count138
) (/usr/local/texlive/2015/texmf-dist/tex/latex/wrapfig/wrapfig.sty
\wrapoverhang=\dimen116
\WF@size=\dimen117
\c@WF@wrappedlines=\count139
\WF@box=\box30
\WF@everypar=\toks21
Package: wrapfig 2003/01/31  v 3.6
) (/usr/local/texlive/2015/texmf-dist/tex/latex/amsmath/amsmath.sty
Package: amsmath 2013/01/14 v2.14 AMS math features
\@mathmargin=\skip70
For additional information on amsmath, use the `?' option.
(/usr/local/texlive/2015/texmf-dist/tex/latex/amsmath/amstext.sty
Package: amstext 2000/06/29 v2.01
(/usr/local/texlive/2015/texmf-dist/tex/latex/amsmath/amsgen.sty
File: amsgen.sty 1999/11/30 v2.0
\@emptytoks=\toks22
\ex@=\dimen118
)) (/usr/local/texlive/2015/texmf-dist/tex/latex/amsmath/amsbsy.sty
Package: amsbsy 1999/11/29 v1.2d
\pmbraise@=\dimen119
) (/usr/local/texlive/2015/texmf-dist/tex/latex/amsmath/amsopn.sty
Package: amsopn 1999/12/14 v2.01 operator names
)
\inf@bad=\count140
LaTeX Info: Redefining \frac on input line 210.
\uproot@=\count141
\leftroot@=\count142
LaTeX Info: Redefining \overline on input line 306.
\classnum@=\count143
\DOTSCASE@=\count144
LaTeX Info: Redefining \ldots on input line 378.
LaTeX Info: Redefining \dots on input line 381.
LaTeX Info: Redefining \cdots on input line 466.
\Mathstrutbox@=\box31
\strutbox@=\box32
\big@size=\dimen120
LaTeX Font Info:    Redeclaring font encoding OML on input line 566.
LaTeX Font Info:    Redeclaring font encoding OMS on input line 567.
\macc@depth=\count145
\c@MaxMatrixCols=\count146
\dotsspace@=\muskip11
\c@parentequation=\count147
\dspbrk@lvl=\count148
\tag@help=\toks23
\row@=\count149
\column@=\count150
\maxfields@=\count151
\andhelp@=\toks24
\eqnshift@=\dimen121
\alignsep@=\dimen122
\tagshift@=\dimen123
\tagwidth@=\dimen124
\totwidth@=\dimen125
\lineht@=\dimen126
\@envbody=\toks25
\multlinegap=\skip71
\multlinetaggap=\skip72
\mathdisplay@stack=\toks26
LaTeX Info: Redefining \[ on input line 2665.
LaTeX Info: Redefining \] on input line 2666.
) (/usr/local/texlive/2015/texmf-dist/tex/latex/booktabs/booktabs.sty
Package: booktabs 2005/04/14 v1.61803 publication quality tables
\heavyrulewidth=\dimen127
\lightrulewidth=\dimen128
\cmidrulewidth=\dimen129
\belowrulesep=\dimen130
\belowbottomsep=\dimen131
\aboverulesep=\dimen132
\abovetopsep=\dimen133
\cmidrulesep=\dimen134
\cmidrulekern=\dimen135
\defaultaddspace=\dimen136
\@cmidla=\count152
\@cmidlb=\count153
\@aboverulesep=\dimen137
\@belowrulesep=\dimen138
\@thisruleclass=\count154
\@lastruleclass=\count155
\@thisrulewidth=\dimen139
) (/usr/local/texlive/2015/texmf-dist/tex/latex/setspace/setspace.sty
Package: setspace 2011/12/19 v6.7a set line spacing
) (/usr/local/texlive/2015/texmf-dist/tex/latex/comment/comment.sty
\CommentStream=\write3
Excluding comment 'comment') (/usr/local/texlive/2015/texmf-dist/tex/latex/prep
rint/fullpage.sty
Package: fullpage 1999/02/23 1.1 (PWD)
\FP@margin=\skip73
) (/usr/local/texlive/2015/texmf-dist/tex/latex/float/float.sty
Package: float 2001/11/08 v1.3d Float enhancements (AL)
\c@float@type=\count156
\float@exts=\toks27
\float@box=\box33
\@float@everytoks=\toks28
\@floatcapt=\box34
) (/usr/local/texlive/2015/texmf-dist/tex/latex/listings/listings.sty
\lst@mode=\count157
\lst@gtempboxa=\box35
\lst@token=\toks29
\lst@length=\count158
\lst@currlwidth=\dimen140
\lst@column=\count159
\lst@pos=\count160
\lst@lostspace=\dimen141
\lst@width=\dimen142
\lst@newlines=\count161
\lst@lineno=\count162
\lst@maxwidth=\dimen143
(/usr/local/texlive/2015/texmf-dist/tex/latex/listings/lstmisc.sty
File: lstmisc.sty 2014/09/06 1.5e (Carsten Heinz)
\c@lstnumber=\count163
\lst@skipnumbers=\count164
\lst@framebox=\box36
) (/usr/local/texlive/2015/texmf-dist/tex/latex/listings/listings.cfg
File: listings.cfg 2014/09/06 1.5e listings configuration
))
Package: listings 2014/09/06 1.5e (Carsten Heinz)
(/usr/local/texlive/2015/texmf-dist/tex/latex/subfig/subfig.sty
Package: subfig 2005/06/28 ver: 1.3 subfig package
(/usr/local/texlive/2015/texmf-dist/tex/latex/caption/caption.sty
Package: caption 2013/05/02 v3.3-89 Customizing captions (AR)
(/usr/local/texlive/2015/texmf-dist/tex/latex/caption/caption3.sty
Package: caption3 2013/05/02 v1.6-88 caption3 kernel (AR)
Package caption3 Info: TeX engine: e-TeX on input line 57.
\captionmargin=\dimen144
\captionmargin@=\dimen145
\captionwidth=\dimen146
\caption@tempdima=\dimen147
\caption@indent=\dimen148
\caption@parindent=\dimen149
\caption@hangindent=\dimen150
)
\c@ContinuedFloat=\count165
Package caption Info: float package is loaded.
Package caption Info: hyperref package is loaded.
Package caption Info: listings package is loaded.
Package caption Info: wrapfig package is loaded.
)
\c@KVtest=\count166
\sf@farskip=\skip74
\sf@captopadj=\dimen151
\sf@capskip=\skip75
\sf@nearskip=\skip76
\c@subfigure=\count167
\c@subfigure@save=\count168
\c@lofdepth=\count169
\c@subtable=\count170
\c@subtable@save=\count171
\c@lotdepth=\count172
\sf@top=\skip77
\sf@bottom=\skip78
) (/usr/local/texlive/2015/texmf-dist/tex/latex/bbm-macros/bbm.sty
Package: bbm 1999/03/15 V 1.2 provides fonts for set symbols - TH
LaTeX Font Info:    Overwriting math alphabet `\mathbbm' in version `bold'
(Font)                  U/bbm/m/n --> U/bbm/bx/n on input line 33.
LaTeX Font Info:    Overwriting math alphabet `\mathbbmss' in version `bold'
(Font)                  U/bbmss/m/n --> U/bbmss/bx/n on input line 35.
) (/usr/local/texlive/2015/texmf-dist/tex/latex/multirow/multirow.sty
\bigstrutjot=\dimen152
) (/usr/local/texlive/2015/texmf-dist/tex/latex/sympytexpackage/sympytex.sty
Package: sympytex 2014/05/16 v0.3 Added sympy plotting support. Code cleanup
(/usr/local/texlive/2015/texmf-dist/tex/latex/tools/verbatim.sty
Package: verbatim 2014/10/28 v1.5q LaTeX2e package for verbatim enhancements
\every@verbatim=\toks30
\verbatim@line=\toks31
\verbatim@in@stream=\read1
) (/usr/local/texlive/2015/texmf-dist/tex/latex/makecmds/makecmds.sty
Package: makecmds 2009/09/03 v1.0a extra command making commands
)
\c@ST@inline=\count173
\c@ST@plot=\count174
\sympytexindent=\skip79
\ST@sf=\write4
\openout4 = `main.sympy'.

) (/usr/local/texlive/2015/texmf-dist/tex/latex/sectsty/sectsty.sty
Package: sectsty 2002/02/25 v2.0.2 Commands to change all sectional heading sty
les
) (/usr/local/texlive/2015/texmf-dist/tex/latex/listings/lstlang1.sty
File: lstlang1.sty 2014/09/06 1.5e listings language file
)
\c@prop=\count175
\c@Cor=\count176
\c@lema=\count177
(/Users/jacobperricone/Desktop/STANFORD/w16/git_cme307/HW4/TEX/Output/main.aux)
\openout1 = `main.aux'.

LaTeX Font Info:    Checking defaults for OML/cmm/m/it on input line 150.
LaTeX Font Info:    ... okay on input line 150.
LaTeX Font Info:    Checking defaults for T1/cmr/m/n on input line 150.
LaTeX Font Info:    ... okay on input line 150.
LaTeX Font Info:    Checking defaults for OT1/cmr/m/n on input line 150.
LaTeX Font Info:    ... okay on input line 150.
LaTeX Font Info:    Checking defaults for OMS/cmsy/m/n on input line 150.
LaTeX Font Info:    ... okay on input line 150.
LaTeX Font Info:    Checking defaults for OMX/cmex/m/n on input line 150.
LaTeX Font Info:    ... okay on input line 150.
LaTeX Font Info:    Checking defaults for U/cmr/m/n on input line 150.
LaTeX Font Info:    ... okay on input line 150.
LaTeX Font Info:    Checking defaults for PD1/pdf/m/n on input line 150.
LaTeX Font Info:    ... okay on input line 150.
LaTeX Font Info:    Try loading font information for OT1+ptm on input line 150.

(/usr/local/texlive/2015/texmf-dist/tex/latex/psnfss/ot1ptm.fd
File: ot1ptm.fd 2001/06/04 font definitions for OT1/ptm.
)
\AtBeginShipoutBox=\box37
(/usr/local/texlive/2015/texmf-dist/tex/context/base/supp-pdf.mkii
[Loading MPS to PDF converter (version 2006.09.02).]
\scratchcounter=\count178
\scratchdimen=\dimen153
\scratchbox=\box38
\nofMPsegments=\count179
\nofMParguments=\count180
\everyMPshowfont=\toks32
\MPscratchCnt=\count181
\MPscratchDim=\dimen154
\MPnumerator=\count182
\makeMPintoPDFobject=\count183
\everyMPtoPDFconversion=\toks33
)
Package hyperref Info: Link coloring OFF on input line 150.
(/usr/local/texlive/2015/texmf-dist/tex/latex/hyperref/nameref.sty
Package: nameref 2012/10/27 v2.43 Cross-referencing by name of section
(/usr/local/texlive/2015/texmf-dist/tex/generic/oberdiek/gettitlestring.sty
Package: gettitlestring 2010/12/03 v1.4 Cleanup title references (HO)
)
\c@section@level=\count184
)
LaTeX Info: Redefining \ref on input line 150.
LaTeX Info: Redefining \pageref on input line 150.
LaTeX Info: Redefining \nameref on input line 150.
(/Users/jacobperricone/Desktop/STANFORD/w16/git_cme307/HW4/TEX/Output/main.out)
(/Users/jacobperricone/Desktop/STANFORD/w16/git_cme307/HW4/TEX/Output/main.out)
\@outlinefile=\write5
\openout5 = `main.out'.

(/usr/local/texlive/2015/texmf-dist/tex/latex/oberdiek/epstopdf-base.sty
Package: epstopdf-base 2010/02/09 v2.5 Base part for package epstopdf
(/usr/local/texlive/2015/texmf-dist/tex/latex/oberdiek/grfext.sty
Package: grfext 2010/08/19 v1.1 Manage graphics extensions (HO)
)
Package grfext Info: Graphics extension search list:
(grfext)             [.png,.pdf,.jpg,.mps,.jpeg,.jbig2,.jb2,.PNG,.PDF,.JPG,.JPE
G,.JBIG2,.JB2,.eps]
(grfext)             \AppendGraphicsExtensions on input line 452.
(/usr/local/texlive/2015/texmf-dist/tex/latex/latexconfig/epstopdf-sys.cfg
File: epstopdf-sys.cfg 2010/07/13 v1.3 Configuration of (r)epstopdf for TeX Liv
e
))
\c@lstlisting=\count185
Package caption Info: Begin \AtBeginDocument code.
Package caption Info: subfig package v1.3 is loaded.
Package caption Info: End \AtBeginDocument code.
LaTeX Font Info:    Font shape `OT1/ptm/bx/n' in size <17.28> not available
(Font)              Font shape `OT1/ptm/b/n' tried instead on input line 152.
LaTeX Font Info:    Font shape `OT1/ptm/bx/n' in size <10> not available
(Font)              Font shape `OT1/ptm/b/n' tried instead on input line 152.
LaTeX Font Info:    Try loading font information for OT1+pcr on input line 152.

(/usr/local/texlive/2015/texmf-dist/tex/latex/psnfss/ot1pcr.fd
File: ot1pcr.fd 2001/06/04 font definitions for OT1/pcr.
)
LaTeX Font Info:    Font shape `OT1/ptm/bx/n' in size <14.4> not available
(Font)              Font shape `OT1/ptm/b/n' tried instead on input line 154.
[1{/usr/local/texlive/2015/texmf-var/fonts/map/pdftex/updmap/pdftex.map}

] <NEWTON_PLOT.png, id=14, 1652.1725pt x 1357.07pt>
File: NEWTON_PLOT.png Graphic file (type png)
<use NEWTON_PLOT.png>
Package pdftex.def Info: NEWTON_PLOT.png used on input line 169.
(pdftex.def)             Requested size: 450.95808pt x 256.06516pt.
<DFP_PLOT.png, id=15, 1124.2pt x 843.15pt>
File: DFP_PLOT.png Graphic file (type png)
<use DFP_PLOT.png>
Package pdftex.def Info: DFP_PLOT.png used on input line 170.
(pdftex.def)             Requested size: 450.95857pt x 256.07324pt.
<Problem2_Newton.png, id=16, 1423.3175pt x 1042.89626pt>
File: Problem2_Newton.png Graphic file (type png)
<use Problem2_Newton.png>
Package pdftex.def Info: Problem2_Newton.png used on input line 181.
(pdftex.def)             Requested size: 450.95355pt x 426.79457pt.
<Problem2_TOGETHER.png, id=17, 1454.43375pt x 1233.60875pt>
File: Problem2_TOGETHER.png Graphic file (type png)
<use Problem2_TOGETHER.png>
Package pdftex.def Info: Problem2_TOGETHER.png used on input line 191.
(pdftex.def)             Requested size: 450.95857pt x 512.16397pt.

Underfull \vbox (badness 10000) detected at line 198
 []


Underfull \vbox (badness 10000) detected at line 198
 []

[2 <./NEWTON_PLOT.png (PNG copy)> <./DFP_PLOT.png (PNG copy)>] [3 <./Problem2_N
ewton.png (PNG copy)>] [4 <./Problem2_TOGETHER.png (PNG copy)>]
LaTeX Font Info:    Font shape `OT1/ptm/bx/n' in size <12> not available
(Font)              Font shape `OT1/ptm/b/n' tried instead on input line 201.
<TF6.png, id=41, 912.40875pt x 697.60625pt>
File: TF6.png Graphic file (type png)
<use TF6.png>
Package pdftex.def Info: TF6.png used on input line 223.
(pdftex.def)             Requested size: 450.95457pt x 227.62413pt.
<TF12.png, id=42, 1047.915pt x 691.58376pt>
File: TF12.png Graphic file (type png)
<use TF12.png>
Package pdftex.def Info: TF12.png used on input line 231.
(pdftex.def)             Requested size: 450.94644pt x 227.62184pt.
<TF6_2.png, id=43, 1226.5825pt x 920.43875pt>
File: TF6_2.png Graphic file (type png)
<use TF6_2.png>
Package pdftex.def Info: TF6_2.png used on input line 240.
(pdftex.def)             Requested size: 450.94614pt x 227.6232pt.
<TF12_2.png, id=44, 1098.1025pt x 728.7225pt>
File: TF12_2.png Graphic file (type png)
<use TF12_2.png>
Package pdftex.def Info: TF12_2.png used on input line 247.
(pdftex.def)             Requested size: 450.94543pt x 227.61403pt.

Underfull \vbox (badness 10000) has occurred while \output is active []

[5 <./TF6.png (PNG copy)>] [6 <./TF12.png (PNG copy)> <./TF6_2.png (PNG copy)>]
[7 <./TF12_2.png (PNG copy)>] <Problem7_1.png, id=66, 562.1pt x 421.575pt>
File: Problem7_1.png Graphic file (type png)
<use Problem7_1.png>
Package pdftex.def Info: Problem7_1.png used on input line 270.
(pdftex.def)             Requested size: 207.47627pt x 292.69464pt.
<Problem7_2.png, id=67, 562.1pt x 421.575pt>
File: Problem7_2.png Graphic file (type png)
<use Problem7_2.png>
Package pdftex.def Info: Problem7_2.png used on input line 274.
(pdftex.def)             Requested size: 207.47627pt x 292.69464pt.
<Problem7_3.png, id=69, 562.1pt x 421.575pt>
File: Problem7_3.png Graphic file (type png)
<use Problem7_3.png>
Package pdftex.def Info: Problem7_3.png used on input line 285.
(pdftex.def)             Requested size: 228.2239pt x 260.17087pt.

Overfull \hbox (20.74641pt too wide) in paragraph at lines 285--286
 [][] 
 []

<Problem7_4.png, id=70, 562.1pt x 421.575pt>
File: Problem7_4.png Graphic file (type png)
<use Problem7_4.png>
Package pdftex.def Info: Problem7_4.png used on input line 289.
(pdftex.def)             Requested size: 228.2239pt x 260.17087pt.

Overfull \hbox (20.74641pt too wide) in paragraph at lines 289--290
 [][] 
 []

<Problem7_11.png, id=74, 562.1pt x 421.575pt>
File: Problem7_11.png Graphic file (type png)
<use Problem7_11.png>
Package pdftex.def Info: Problem7_11.png used on input line 299.
(pdftex.def)             Requested size: 228.2239pt x 195.1362pt.

Overfull \hbox (20.74641pt too wide) in paragraph at lines 299--300
 [][] 
 []

<Problem7_22.png, id=75, 562.1pt x 421.575pt>
File: Problem7_22.png Graphic file (type png)
<use Problem7_22.png>
Package pdftex.def Info: Problem7_22.png used on input line 303.
(pdftex.def)             Requested size: 228.2239pt x 195.1362pt.

Overfull \hbox (20.74641pt too wide) in paragraph at lines 303--304
 [][] 
 []

<Problem7_3a.png, id=77, 562.1pt x 421.575pt>
File: Problem7_3a.png Graphic file (type png)
<use Problem7_3a.png>
Package pdftex.def Info: Problem7_3a.png used on input line 315.
(pdftex.def)             Requested size: 228.2239pt x 195.1362pt.

Overfull \hbox (20.74641pt too wide) in paragraph at lines 315--316
 [][] 
 []

<Problem7_4a.png, id=78, 562.1pt x 421.575pt>
File: Problem7_4a.png Graphic file (type png)
<use Problem7_4a.png>
Package pdftex.def Info: Problem7_4a.png used on input line 319.
(pdftex.def)             Requested size: 228.2239pt x 195.1362pt.

Overfull \hbox (20.74641pt too wide) in paragraph at lines 319--320
 [][] 
 []


Underfull \hbox (badness 10000) in paragraph at lines 323--325

 []


Underfull \vbox (badness 10000) detected at line 325
 []


Underfull \vbox (badness 10000) has occurred while \output is active []

[8 <./Problem7_1.png (PNG copy)> <./Problem7_2.png (PNG copy)>] [9 <./Problem7_
3.png (PNG copy)> <./Problem7_4.png (PNG copy)> <./Problem7_11.png (PNG copy)> 
<./Problem7_22.png (PNG copy)>] [10 <./Problem7_3a.png (PNG copy)> <./Problem7_
4a.png (PNG copy)>]
Underfull \hbox (badness 10000) in paragraph at lines 327--330

 []


Underfull \hbox (badness 10000) in paragraph at lines 327--330

 []

<Problem7_5.png, id=98, 562.1pt x 421.575pt>
File: Problem7_5.png Graphic file (type png)
<use Problem7_5.png>
Package pdftex.def Info: Problem7_5.png used on input line 341.
(pdftex.def)             Requested size: 228.2239pt x 195.1362pt.

Overfull \hbox (20.74641pt too wide) in paragraph at lines 341--342
 [][] 
 []

<Problem7_6.png, id=99, 562.1pt x 421.575pt>
File: Problem7_6.png Graphic file (type png)
<use Problem7_6.png>
Package pdftex.def Info: Problem7_6.png used on input line 345.
(pdftex.def)             Requested size: 228.2239pt x 195.1362pt.

Overfull \hbox (20.74641pt too wide) in paragraph at lines 345--346
 [][] 
 []

<Problem7_7.png, id=100, 562.1pt x 421.575pt>
File: Problem7_7.png Graphic file (type png)
<use Problem7_7.png>
Package pdftex.def Info: Problem7_7.png used on input line 356.
(pdftex.def)             Requested size: 228.2239pt x 195.1362pt.

Overfull \hbox (20.74641pt too wide) in paragraph at lines 356--357
 [][] 
 []

<Problem7_8.png, id=101, 562.1pt x 421.575pt>
File: Problem7_8.png Graphic file (type png)
<use Problem7_8.png>
Package pdftex.def Info: Problem7_8.png used on input line 360.
(pdftex.def)             Requested size: 228.2239pt x 195.1362pt.

Overfull \hbox (20.74641pt too wide) in paragraph at lines 360--361
 [][] 
 []

<Problem7_111.png, id=102, 562.1pt x 421.575pt>
File: Problem7_111.png Graphic file (type png)
<use Problem7_111.png>
Package pdftex.def Info: Problem7_111.png used on input line 371.
(pdftex.def)             Requested size: 228.2239pt x 195.1362pt.

Overfull \hbox (20.74641pt too wide) in paragraph at lines 371--372
 [][] 
 []

<Problem7_112.png, id=103, 562.1pt x 421.575pt>
File: Problem7_112.png Graphic file (type png)
<use Problem7_112.png>
Package pdftex.def Info: Problem7_112.png used on input line 375.
(pdftex.def)             Requested size: 228.2239pt x 195.1362pt.

Overfull \hbox (20.74641pt too wide) in paragraph at lines 375--376
 [][] 
 []

<Problem7_113a.png, id=104, 562.1pt x 421.575pt>
File: Problem7_113a.png Graphic file (type png)
<use Problem7_113a.png>
Package pdftex.def Info: Problem7_113a.png used on input line 387.
(pdftex.def)             Requested size: 228.2239pt x 195.1362pt.

Overfull \hbox (20.74641pt too wide) in paragraph at lines 387--388
 [][] 
 []

<Problem7_114a.png, id=105, 562.1pt x 421.575pt>
File: Problem7_114a.png Graphic file (type png)
<use Problem7_114a.png>
Package pdftex.def Info: Problem7_114a.png used on input line 391.
(pdftex.def)             Requested size: 228.2239pt x 195.1362pt.

Overfull \hbox (20.74641pt too wide) in paragraph at lines 391--392
 [][] 
 []


Underfull \hbox (badness 10000) in paragraph at lines 396--398

 []


Underfull \vbox (badness 10000) has occurred while \output is active []

[11 <./Problem7_5.png (PNG copy)> <./Problem7_6.png (PNG copy)> <./Problem7_7.p
ng (PNG copy)> <./Problem7_8.png (PNG copy)>] [12 <./Problem7_111.png (PNG copy
)> <./Problem7_112.png (PNG copy)> <./Problem7_113a.png (PNG copy)> <./Problem7
_114a.png (PNG copy)>]
LaTeX Font Info:    Font shape `OT1/ptm/bx/it' in size <10> not available
(Font)              Font shape `OT1/ptm/b/it' tried instead on input line 450.
[13] <Problem8harmc.png, id=132, 562.1pt x 421.575pt>
File: Problem8harmc.png Graphic file (type png)
<use Problem8harmc.png>
Package pdftex.def Info: Problem8harmc.png used on input line 460.
(pdftex.def)             Requested size: 469.75067pt x 284.53154pt.
<Problem8prioc.png, id=133, 562.1pt x 421.575pt>
File: Problem8prioc.png Graphic file (type png)
<use Problem8prioc.png>
Package pdftex.def Info: Problem8prioc.png used on input line 463.
(pdftex.def)             Requested size: 469.75067pt x 284.53154pt.
<Problem8harmvf.png, id=134, 562.1pt x 421.575pt>
File: Problem8harmvf.png Graphic file (type png)
<use Problem8harmvf.png>
Package pdftex.def Info: Problem8harmvf.png used on input line 474.
(pdftex.def)             Requested size: 365.36067pt x 274.0205pt.

Underfull \vbox (badness 10000) has occurred while \output is active []

[14 <./Problem8harmc.png (PNG copy)> <./Problem8prioc.png (PNG copy)>] <Problem
8priov.png, id=140, 562.1pt x 421.575pt>
File: Problem8priov.png Graphic file (type png)
<use Problem8priov.png>
Package pdftex.def Info: Problem8priov.png used on input line 483.
(pdftex.def)             Requested size: 365.36067pt x 274.0205pt.

Underfull \vbox (badness 10000) has occurred while \output is active []

[15 <./Problem8harmvf.png (PNG copy)> <./Problem8priov.png (PNG copy)>] <Proble
m8hcf.png, id=149, 562.1pt x 421.575pt>
File: Problem8hcf.png Graphic file (type png)
<use Problem8hcf.png>
Package pdftex.def Info: Problem8hcf.png used on input line 498.
(pdftex.def)             Requested size: 258.3633pt x 195.1362pt.

Overfull \hbox (23.48581pt too wide) in paragraph at lines 498--499
 [][] 
 []

<Problem8hvf.png, id=150, 562.1pt x 421.575pt>
File: Problem8hvf.png Graphic file (type png)
<use Problem8hvf.png>
Package pdftex.def Info: Problem8hvf.png used on input line 502.
(pdftex.def)             Requested size: 258.3633pt x 195.1362pt.

Overfull \hbox (23.48581pt too wide) in paragraph at lines 502--503
 [][] 
 []

<Problem8hc.png, id=151, 562.1pt x 421.575pt>
File: Problem8hc.png Graphic file (type png)
<use Problem8hc.png>
Package pdftex.def Info: Problem8hc.png used on input line 515.
(pdftex.def)             Requested size: 258.3633pt x 162.60599pt.

Overfull \hbox (23.48581pt too wide) in paragraph at lines 515--516
 [][] 
 []

<Problem8hv.png, id=152, 562.1pt x 421.575pt>
File: Problem8hv.png Graphic file (type png)
<use Problem8hv.png>
Package pdftex.def Info: Problem8hv.png used on input line 519.
(pdftex.def)             Requested size: 258.3633pt x 162.60599pt.

Overfull \hbox (23.48581pt too wide) in paragraph at lines 519--520
 [][] 
 []

<Problem8f1.png, id=155, 596.2275pt x 987.69pt>
File: Problem8f1.png Graphic file (type png)
<use Problem8f1.png>
Package pdftex.def Info: Problem8f1.png used on input line 532.
(pdftex.def)             Requested size: 417.3564pt x 691.3783pt.
[16 <./Problem8hcf.png (PNG copy)> <./Problem8hvf.png (PNG copy)> <./Problem8hc
.png (PNG copy)> <./Problem8hv.png (PNG copy)>]
Overfull \vbox (61.9483pt too high) has occurred while \output is active []

[17 <./Problem8f1.png (PNG copy)>] <Problem8f2.png, id=167, 587.19376pt x 987.6
9pt>
File: Problem8f2.png Graphic file (type png)
<use Problem8f2.png>
Package pdftex.def Info: Problem8f2.png used on input line 539.
(pdftex.def)             Requested size: 411.03282pt x 691.3783pt.

Overfull \vbox (61.9483pt too high) has occurred while \output is active []

[18 <./Problem8f2.png (PNG copy)>] <Problem8f3.png, id=173, 593.21625pt x 987.6
9pt>
File: Problem8f3.png Graphic file (type png)
<use Problem8f3.png>
Package pdftex.def Info: Problem8f3.png used on input line 546.
(pdftex.def)             Requested size: 415.24854pt x 691.3783pt.

Overfull \vbox (61.9483pt too high) has occurred while \output is active []

[19 <./Problem8f3.png (PNG copy)>] <Problem8f4.png, id=181, 580.1675pt x 987.69
pt>
File: Problem8f4.png Graphic file (type png)
<use Problem8f4.png>
Package pdftex.def Info: Problem8f4.png used on input line 553.
(pdftex.def)             Requested size: 406.11447pt x 691.3783pt.

Overfull \vbox (61.9483pt too high) has occurred while \output is active []

[20 <./Problem8f4.png (PNG copy)>] <Problem8f5.png, id=187, 584.1825pt x 987.69
pt>
File: Problem8f5.png Graphic file (type png)
<use Problem8f5.png>
Package pdftex.def Info: Problem8f5.png used on input line 560.
(pdftex.def)             Requested size: 408.92496pt x 691.3783pt.

Overfull \vbox (61.9483pt too high) has occurred while \output is active []

[21 <./Problem8f5.png (PNG copy)>] <Problem8f6.png, id=193, 597.23125pt x 987.6
9pt>
File: Problem8f6.png Graphic file (type png)
<use Problem8f6.png>
Package pdftex.def Info: Problem8f6.png used on input line 567.
(pdftex.def)             Requested size: 418.05902pt x 691.3783pt.

Overfull \vbox (61.9483pt too high) has occurred while \output is active []

[22 <./Problem8f6.png (PNG copy)>] <Problem8f7.png, id=199, 583.17876pt x 987.6
9pt>
File: Problem8f7.png Graphic file (type png)
<use Problem8f7.png>
Package pdftex.def Info: Problem8f7.png used on input line 575.
(pdftex.def)             Requested size: 408.22235pt x 691.3783pt.

Overfull \vbox (61.9483pt too high) has occurred while \output is active []

[23 <./Problem8f7.png (PNG copy)>] <Problem8f8.png, id=205, 581.17125pt x 987.6
9pt>
File: Problem8f8.png Graphic file (type png)
<use Problem8f8.png>
Package pdftex.def Info: Problem8f8.png used on input line 582.
(pdftex.def)             Requested size: 406.8171pt x 691.3783pt.

Overfull \vbox (61.9483pt too high) has occurred while \output is active []

[24 <./Problem8f8.png (PNG copy)>] [25]
This exam contains 0 questions with 0 parts, 0 subparts, and 0 subsubparts.
Package atveryend Info: Empty hook `BeforeClearDocument' on input line 587.
Package atveryend Info: Empty hook `AfterLastShipout' on input line 587.
(/Users/jacobperricone/Desktop/STANFORD/w16/git_cme307/HW4/TEX/Output/main.aux)
Package atveryend Info: Executing hook `AtVeryEndDocument' on input line 587.
Package atveryend Info: Executing hook `AtEndAfterFileList' on input line 587.
Package rerunfilecheck Info: File `main.out' has not changed.
(rerunfilecheck)             Checksum: D41D8CD98F00B204E9800998ECF8427E;0.
Package atveryend Info: Empty hook `AtVeryVeryEnd' on input line 587.
 ) 
Here is how much of TeX's memory you used:
 10694 strings out of 493089
 160148 string characters out of 6134842
 310308 words of memory out of 5000000
 13922 multiletter control sequences out of 15000+600000
 18484 words of font info for 44 fonts, out of 8000000 for 9000
 1141 hyphenation exceptions out of 8191
 44i,11n,42p,834b,470s stack positions out of 5000i,500n,10000p,200000b,80000s
{/usr/local/texlive/2015/texmf-dist/fonts/enc/dvips/base/8r.enc}</usr/local/t
exlive/2015/texmf-dist/fonts/type1/public/amsfonts/cm/cmbx10.pfb></usr/local/te
xlive/2015/texmf-dist/fonts/type1/public/amsfonts/cm/cmbx7.pfb></usr/local/texl
ive/2015/texmf-dist/fonts/type1/public/amsfonts/cm/cmex10.pfb></usr/local/texli
ve/2015/texmf-dist/fonts/type1/public/amsfonts/cm/cmmi10.pfb></usr/local/texliv
e/2015/texmf-dist/fonts/type1/public/amsfonts/cm/cmmi5.pfb></usr/local/texlive/
2015/texmf-dist/fonts/type1/public/amsfonts/cm/cmmi7.pfb></usr/local/texlive/20
15/texmf-dist/fonts/type1/public/amsfonts/cm/cmr10.pfb></usr/local/texlive/2015
/texmf-dist/fonts/type1/public/amsfonts/cm/cmr7.pfb></usr/local/texlive/2015/te
xmf-dist/fonts/type1/public/amsfonts/cm/cmsy10.pfb></usr/local/texlive/2015/tex
mf-dist/fonts/type1/public/amsfonts/cm/cmsy5.pfb></usr/local/texlive/2015/texmf
-dist/fonts/type1/public/amsfonts/cm/cmsy7.pfb></usr/local/texlive/2015/texmf-d
ist/fonts/type1/urw/courier/ucrr8a.pfb></usr/local/texlive/2015/texmf-dist/font
s/type1/urw/helvetic/uhvb8a.pfb></usr/local/texlive/2015/texmf-dist/fonts/type1
/urw/times/utmb8a.pfb></usr/local/texlive/2015/texmf-dist/fonts/type1/urw/times
/utmbi8a.pfb></usr/local/texlive/2015/texmf-dist/fonts/type1/urw/times/utmr8a.p
fb>
Output written on /Users/jacobperricone/Desktop/STANFORD/w16/git_cme307/HW4/TEX
/Output/main.pdf (25 pages, 2044208 bytes).
PDF statistics:
 283 PDF objects out of 1000 (max. 8388607)
 198 compressed objects within 2 object streams
 63 named destinations out of 1000 (max. 500000)
 201 words of extra memory for PDF output out of 10000 (max. 10000000)

